0 info it worked if it ends with ok
1 verbose cli [ 'node', '/usr/local/bin/npm', 'publish' ]
2 info using npm@1.3.8
3 info using node@v0.10.17
4 verbose publish [ '.' ]
5 verbose cache add [ '.', null ]
6 verbose cache add name=undefined spec="." args=[".",null]
7 verbose parsed url { protocol: null,
7 verbose parsed url   slashes: null,
7 verbose parsed url   auth: null,
7 verbose parsed url   host: null,
7 verbose parsed url   port: null,
7 verbose parsed url   hostname: null,
7 verbose parsed url   hash: null,
7 verbose parsed url   search: null,
7 verbose parsed url   query: null,
7 verbose parsed url   pathname: '.',
7 verbose parsed url   path: '.',
7 verbose parsed url   href: '.' }
8 silly lockFile 3a52ce78- .
9 verbose lock . /Users/brettshollenberger/.npm/3a52ce78-.lock
10 verbose tar pack [ '/Users/brettshollenberger/tmp/npm-70746-JeWs0VOT/1380403994179-0.33379969047382474/tmp.tgz',
10 verbose tar pack   '.' ]
11 verbose tarball /Users/brettshollenberger/tmp/npm-70746-JeWs0VOT/1380403994179-0.33379969047382474/tmp.tgz
12 verbose folder .
13 silly lockFile 1f1177db-tar tar://.
14 verbose lock tar://. /Users/brettshollenberger/.npm/1f1177db-tar.lock
15 silly lockFile 0ed34f1c-4179-0-33379969047382474-tmp-tgz tar:///Users/brettshollenberger/tmp/npm-70746-JeWs0VOT/1380403994179-0.33379969047382474/tmp.tgz
16 verbose lock tar:///Users/brettshollenberger/tmp/npm-70746-JeWs0VOT/1380403994179-0.33379969047382474/tmp.tgz /Users/brettshollenberger/.npm/0ed34f1c-4179-0-33379969047382474-tmp-tgz.lock
17 silly lockFile 1f1177db-tar tar://.
18 silly lockFile 1f1177db-tar tar://.
19 silly lockFile 0ed34f1c-4179-0-33379969047382474-tmp-tgz tar:///Users/brettshollenberger/tmp/npm-70746-JeWs0VOT/1380403994179-0.33379969047382474/tmp.tgz
20 silly lockFile 0ed34f1c-4179-0-33379969047382474-tmp-tgz tar:///Users/brettshollenberger/tmp/npm-70746-JeWs0VOT/1380403994179-0.33379969047382474/tmp.tgz
21 verbose tar unpack /Users/brettshollenberger/tmp/npm-70746-JeWs0VOT/1380403994179-0.33379969047382474/tmp.tgz
22 silly lockFile c22fa6b4-4179-0-33379969047382474-package tar:///Users/brettshollenberger/tmp/npm-70746-JeWs0VOT/1380403994179-0.33379969047382474/package
23 verbose lock tar:///Users/brettshollenberger/tmp/npm-70746-JeWs0VOT/1380403994179-0.33379969047382474/package /Users/brettshollenberger/.npm/c22fa6b4-4179-0-33379969047382474-package.lock
24 silly lockFile 0ed34f1c-4179-0-33379969047382474-tmp-tgz tar:///Users/brettshollenberger/tmp/npm-70746-JeWs0VOT/1380403994179-0.33379969047382474/tmp.tgz
25 verbose lock tar:///Users/brettshollenberger/tmp/npm-70746-JeWs0VOT/1380403994179-0.33379969047382474/tmp.tgz /Users/brettshollenberger/.npm/0ed34f1c-4179-0-33379969047382474-tmp-tgz.lock
26 silly gunzTarPerm modes [ '755', '644' ]
27 silly gunzTarPerm extractEntry package.json
28 silly gunzTarPerm extractEntry README.md
29 silly gunzTarPerm extractEntry lib/faculty-api.js
30 silly lockFile c22fa6b4-4179-0-33379969047382474-package tar:///Users/brettshollenberger/tmp/npm-70746-JeWs0VOT/1380403994179-0.33379969047382474/package
31 silly lockFile c22fa6b4-4179-0-33379969047382474-package tar:///Users/brettshollenberger/tmp/npm-70746-JeWs0VOT/1380403994179-0.33379969047382474/package
32 silly lockFile 0ed34f1c-4179-0-33379969047382474-tmp-tgz tar:///Users/brettshollenberger/tmp/npm-70746-JeWs0VOT/1380403994179-0.33379969047382474/tmp.tgz
33 silly lockFile 0ed34f1c-4179-0-33379969047382474-tmp-tgz tar:///Users/brettshollenberger/tmp/npm-70746-JeWs0VOT/1380403994179-0.33379969047382474/tmp.tgz
34 verbose tar pack [ '/Users/brettshollenberger/.npm/FacultyAPI/0.0.1/package.tgz',
34 verbose tar pack   '/Users/brettshollenberger/tmp/npm-70746-JeWs0VOT/1380403994179-0.33379969047382474/package' ]
35 verbose tarball /Users/brettshollenberger/.npm/FacultyAPI/0.0.1/package.tgz
36 verbose folder /Users/brettshollenberger/tmp/npm-70746-JeWs0VOT/1380403994179-0.33379969047382474/package
37 silly lockFile c22fa6b4-4179-0-33379969047382474-package tar:///Users/brettshollenberger/tmp/npm-70746-JeWs0VOT/1380403994179-0.33379969047382474/package
38 verbose lock tar:///Users/brettshollenberger/tmp/npm-70746-JeWs0VOT/1380403994179-0.33379969047382474/package /Users/brettshollenberger/.npm/c22fa6b4-4179-0-33379969047382474-package.lock
39 silly lockFile ea3a4f42-npm-FacultyAPI-0-0-1-package-tgz tar:///Users/brettshollenberger/.npm/FacultyAPI/0.0.1/package.tgz
40 verbose lock tar:///Users/brettshollenberger/.npm/FacultyAPI/0.0.1/package.tgz /Users/brettshollenberger/.npm/ea3a4f42-npm-FacultyAPI-0-0-1-package-tgz.lock
41 silly lockFile c22fa6b4-4179-0-33379969047382474-package tar:///Users/brettshollenberger/tmp/npm-70746-JeWs0VOT/1380403994179-0.33379969047382474/package
42 silly lockFile c22fa6b4-4179-0-33379969047382474-package tar:///Users/brettshollenberger/tmp/npm-70746-JeWs0VOT/1380403994179-0.33379969047382474/package
43 silly lockFile ea3a4f42-npm-FacultyAPI-0-0-1-package-tgz tar:///Users/brettshollenberger/.npm/FacultyAPI/0.0.1/package.tgz
44 silly lockFile ea3a4f42-npm-FacultyAPI-0-0-1-package-tgz tar:///Users/brettshollenberger/.npm/FacultyAPI/0.0.1/package.tgz
45 silly lockFile c8f9a909-ger-npm-FacultyAPI-0-0-1-package /Users/brettshollenberger/.npm/FacultyAPI/0.0.1/package
46 verbose lock /Users/brettshollenberger/.npm/FacultyAPI/0.0.1/package /Users/brettshollenberger/.npm/c8f9a909-ger-npm-FacultyAPI-0-0-1-package.lock
47 silly lockFile c8f9a909-ger-npm-FacultyAPI-0-0-1-package /Users/brettshollenberger/.npm/FacultyAPI/0.0.1/package
48 silly lockFile c8f9a909-ger-npm-FacultyAPI-0-0-1-package /Users/brettshollenberger/.npm/FacultyAPI/0.0.1/package
49 verbose tar unpack /Users/brettshollenberger/.npm/FacultyAPI/0.0.1/package.tgz
50 silly lockFile 375fa973-ger-npm-FacultyAPI-0-0-1-package tar:///Users/brettshollenberger/.npm/FacultyAPI/0.0.1/package
51 verbose lock tar:///Users/brettshollenberger/.npm/FacultyAPI/0.0.1/package /Users/brettshollenberger/.npm/375fa973-ger-npm-FacultyAPI-0-0-1-package.lock
52 silly lockFile ea3a4f42-npm-FacultyAPI-0-0-1-package-tgz tar:///Users/brettshollenberger/.npm/FacultyAPI/0.0.1/package.tgz
53 verbose lock tar:///Users/brettshollenberger/.npm/FacultyAPI/0.0.1/package.tgz /Users/brettshollenberger/.npm/ea3a4f42-npm-FacultyAPI-0-0-1-package-tgz.lock
54 silly gunzTarPerm modes [ '755', '644' ]
55 silly gunzTarPerm extractEntry package.json
56 silly gunzTarPerm extractEntry README.md
57 silly gunzTarPerm extractEntry lib/faculty-api.js
58 silly lockFile 375fa973-ger-npm-FacultyAPI-0-0-1-package tar:///Users/brettshollenberger/.npm/FacultyAPI/0.0.1/package
59 silly lockFile 375fa973-ger-npm-FacultyAPI-0-0-1-package tar:///Users/brettshollenberger/.npm/FacultyAPI/0.0.1/package
60 silly lockFile ea3a4f42-npm-FacultyAPI-0-0-1-package-tgz tar:///Users/brettshollenberger/.npm/FacultyAPI/0.0.1/package.tgz
61 silly lockFile ea3a4f42-npm-FacultyAPI-0-0-1-package-tgz tar:///Users/brettshollenberger/.npm/FacultyAPI/0.0.1/package.tgz
62 verbose chmod /Users/brettshollenberger/.npm/FacultyAPI/0.0.1/package.tgz 644
63 verbose chown /Users/brettshollenberger/.npm/FacultyAPI/0.0.1/package.tgz [ 501, 20 ]
64 silly lockFile 3a52ce78- .
65 silly lockFile 3a52ce78- .
66 silly publish { name: 'FacultyAPI',
66 silly publish   version: '0.0.1',
66 silly publish   description: 'Tool for creating a simple RESTful API from a Mongoose model with Express',
66 silly publish   main: 'lib/faculty-api.js',
66 silly publish   keywords: [ 'API', 'generator', 'REST', 'Mongoose', 'Express', 'Node', 'MEAN' ],
66 silly publish   dependencies: {},
66 silly publish   devDependencies: {},
66 silly publish   optionalDependencies: {},
66 silly publish   engines: { node: '*' },
66 silly publish   author: { name: 'Brett Shollenberger' },
66 silly publish   license: 'MIT License',
66 silly publish   readme: 'ERROR: No README data found!',
66 silly publish   readmeFilename: 'README.md',
66 silly publish   _id: 'FacultyAPI@0.0.1',
66 silly publish   dist: { shasum: '05b2f44ad0776f9e48b7b4d4c0c62e184a034d87' },
66 silly publish   _from: '.' }
67 verbose url raw FacultyAPI
68 verbose url resolving [ 'https://registry.npmjs.org/', './FacultyAPI' ]
69 verbose url resolved https://registry.npmjs.org/FacultyAPI
70 info trying registry request attempt 1 at 17:33:14
71 http PUT https://registry.npmjs.org/FacultyAPI
72 http 403 https://registry.npmjs.org/FacultyAPI
73 info trying registry request attempt 1 at 17:33:15
74 http PUT https://registry.npmjs.org/FacultyAPI
75 http 403 https://registry.npmjs.org/FacultyAPI
76 error publish Failed PUT response 403
77 error Error: forbidden New packages must have all-lowercase names: FacultyAPI
77 error     at RegClient.<anonymous> (/usr/local/lib/node_modules/npm/node_modules/npm-registry-client/lib/request.js:272:14)
77 error     at Request.self.callback (/usr/local/lib/node_modules/npm/node_modules/request/index.js:148:22)
77 error     at Request.EventEmitter.emit (events.js:98:17)
77 error     at Request.<anonymous> (/usr/local/lib/node_modules/npm/node_modules/request/index.js:891:14)
77 error     at Request.EventEmitter.emit (events.js:117:20)
77 error     at IncomingMessage.<anonymous> (/usr/local/lib/node_modules/npm/node_modules/request/index.js:842:12)
77 error     at IncomingMessage.EventEmitter.emit (events.js:117:20)
77 error     at _stream_readable.js:920:16
77 error     at process._tickCallback (node.js:415:13)
78 error If you need help, you may report this log at:
78 error     <http://github.com/isaacs/npm/issues>
78 error or email it to:
78 error     <npm-@googlegroups.com>
79 error System Darwin 12.4.1
80 error command "node" "/usr/local/bin/npm" "publish"
81 error cwd /Users/brettshollenberger/Sites/faculty-api
82 error node -v v0.10.17
83 error npm -v 1.3.8
84 verbose exit [ 1, true ]
